  Building NVCC (Device) object CMakeFiles/cis565_getting_started.dir/src/Debug/cis565_getting_started_generated_kernel.cu.obj
  -- Removing C:/Users/hyan99/Desktop/Project0-Getting-Started/cuda-getting-started/build/CMakeFiles/cis565_getting_started.dir/src/Debug/cis565_getting_started_generated_kernel.cu.obj
  "C:/Program Files/CMake/bin/cmake.exe" -E rm -f C:/Users/hyan99/Desktop/Project0-Getting-Started/cuda-getting-started/build/CMakeFiles/cis565_getting_started.dir/src/Debug/cis565_getting_started_generated_kernel.cu.obj
  -- Generating dependency file: C:/Users/hyan99/Desktop/Project0-Getting-Started/cuda-getting-started/build/CMakeFiles/cis565_getting_started.dir/src/cis565_getting_started_generated_kernel.cu.obj.NVCC-depend
  "C:/Program Files/NVIDIA GPU Computing Toolkit/CUDA/v11.0/bin/nvcc.exe" -M -D__CUDACC__ C:/Users/hyan99/Desktop/Project0-Getting-Started/cuda-getting-started/src/kernel.cu -o C:/Users/hyan99/Desktop/Project0-Getting-Started/cuda-getting-started/build/CMakeFiles/cis565_getting_started.dir/src/cis565_getting_started_generated_kernel.cu.obj.NVCC-depend -ccbin "C:/Program Files (x86)/Microsoft Visual Studio/2017/Enterprise/VC/Tools/MSVC/14.16.27023/bin/Hostx86/x64/cl.exe" -m64 -DCUDA_COMPUTE_61 -DGLEW_STATIC -Xcompiler ,\"/DWIN32\",\"/D_WINDOWS\",\"/W3\",\"/GR\",\"/EHsc\",\"/MDd\",\"/Zi\",\"/Ob0\",\"/Od\",\"/RTC1\" -gencode arch=compute_61,code=sm_61 -g -G -DNVCC "-IC:/Program Files/NVIDIA GPU Computing Toolkit/CUDA/v11.0/include" -IC:/Users/hyan99/Desktop/Project0-Getting-Started/cuda-getting-started/external/include
  kernel.cu
  -- Generating temporary cmake readable file: C:/Users/hyan99/Desktop/Project0-Getting-Started/cuda-getting-started/build/CMakeFiles/cis565_getting_started.dir/src/cis565_getting_started_generated_kernel.cu.obj.depend.tmp
  "C:/Program Files/CMake/bin/cmake.exe" -D input_file:FILEPATH=C:/Users/hyan99/Desktop/Project0-Getting-Started/cuda-getting-started/build/CMakeFiles/cis565_getting_started.dir/src/cis565_getting_started_generated_kernel.cu.obj.NVCC-depend -D output_file:FILEPATH=C:/Users/hyan99/Desktop/Project0-Getting-Started/cuda-getting-started/build/CMakeFiles/cis565_getting_started.dir/src/cis565_getting_started_generated_kernel.cu.obj.depend.tmp -D verbose=ON -P "C:/Program Files/CMake/share/cmake-3.18/Modules/FindCUDA/make2cmake.cmake"
  -- Copy if different C:/Users/hyan99/Desktop/Project0-Getting-Started/cuda-getting-started/build/CMakeFiles/cis565_getting_started.dir/src/cis565_getting_started_generated_kernel.cu.obj.depend.tmp to C:/Users/hyan99/Desktop/Project0-Getting-Started/cuda-getting-started/build/CMakeFiles/cis565_getting_started.dir/src/cis565_getting_started_generated_kernel.cu.obj.depend
  "C:/Program Files/CMake/bin/cmake.exe" -E copy_if_different C:/Users/hyan99/Desktop/Project0-Getting-Started/cuda-getting-started/build/CMakeFiles/cis565_getting_started.dir/src/cis565_getting_started_generated_kernel.cu.obj.depend.tmp C:/Users/hyan99/Desktop/Project0-Getting-Started/cuda-getting-started/build/CMakeFiles/cis565_getting_started.dir/src/cis565_getting_started_generated_kernel.cu.obj.depend
  -- Removing C:/Users/hyan99/Desktop/Project0-Getting-Started/cuda-getting-started/build/CMakeFiles/cis565_getting_started.dir/src/cis565_getting_started_generated_kernel.cu.obj.depend.tmp and C:/Users/hyan99/Desktop/Project0-Getting-Started/cuda-getting-started/build/CMakeFiles/cis565_getting_started.dir/src/cis565_getting_started_generated_kernel.cu.obj.NVCC-depend
  "C:/Program Files/CMake/bin/cmake.exe" -E rm -f C:/Users/hyan99/Desktop/Project0-Getting-Started/cuda-getting-started/build/CMakeFiles/cis565_getting_started.dir/src/cis565_getting_started_generated_kernel.cu.obj.depend.tmp C:/Users/hyan99/Desktop/Project0-Getting-Started/cuda-getting-started/build/CMakeFiles/cis565_getting_started.dir/src/cis565_getting_started_generated_kernel.cu.obj.NVCC-depend
  -- Generating C:/Users/hyan99/Desktop/Project0-Getting-Started/cuda-getting-started/build/CMakeFiles/cis565_getting_started.dir/src/Debug/cis565_getting_started_generated_kernel.cu.obj
  "C:/Program Files/NVIDIA GPU Computing Toolkit/CUDA/v11.0/bin/nvcc.exe" C:/Users/hyan99/Desktop/Project0-Getting-Started/cuda-getting-started/src/kernel.cu -c -o C:/Users/hyan99/Desktop/Project0-Getting-Started/cuda-getting-started/build/CMakeFiles/cis565_getting_started.dir/src/Debug/cis565_getting_started_generated_kernel.cu.obj -ccbin "C:/Program Files (x86)/Microsoft Visual Studio/2017/Enterprise/VC/Tools/MSVC/14.16.27023/bin/Hostx86/x64/cl.exe" -m64 -DCUDA_COMPUTE_61 -DGLEW_STATIC -Xcompiler ,\"/DWIN32\",\"/D_WINDOWS\",\"/W3\",\"/GR\",\"/EHsc\",\"/MDd\",\"/Zi\",\"/Ob0\",\"/Od\",\"/RTC1\" -gencode arch=compute_61,code=sm_61 -g -G -DNVCC "-IC:/Program Files/NVIDIA GPU Computing Toolkit/CUDA/v11.0/include" -IC:/Users/hyan99/Desktop/Project0-Getting-Started/cuda-getting-started/external/include
  kernel.cu
C:/Users/hyan99/Desktop/Project0-Getting-Started/cuda-getting-started/src/kernel.cu(68): warning C4996: 'cudaThreadSynchronize': was declared deprecated
  c:\program files\nvidia gpu computing toolkit\cuda\v11.0\include\cuda_runtime_api.h(967): note: see declaration of 'cudaThreadSynchronize'
  Generated C:/Users/hyan99/Desktop/Project0-Getting-Started/cuda-getting-started/build/CMakeFiles/cis565_getting_started.dir/src/Debug/cis565_getting_started_generated_kernel.cu.obj successfully.
  Building Custom Rule C:/Users/hyan99/Desktop/Project0-Getting-Started/cuda-getting-started/CMakeLists.txt
  glslUtility.cpp
  main.cpp
C:\Users\hyan99\Desktop\Project0-Getting-Started\cuda-getting-started\src\main.cpp(94): warning C4996: 'cudaGLRegisterBufferObject': was declared deprecated
  C:\Program Files\NVIDIA GPU Computing Toolkit\CUDA\v11.0\include\cuda_gl_interop.h(327): note: see declaration of 'cudaGLRegisterBufferObject'
C:\Users\hyan99\Desktop\Project0-Getting-Started\cuda-getting-started\src\main.cpp(135): warning C4996: 'cudaGLSetGLDevice': was declared deprecated
  C:\Program Files\NVIDIA GPU Computing Toolkit\CUDA\v11.0\include\cuda_gl_interop.h(305): note: see declaration of 'cudaGLSetGLDevice'
C:\Users\hyan99\Desktop\Project0-Getting-Started\cuda-getting-started\src\main.cpp(169): warning C4996: 'cudaGLMapBufferObject': was declared deprecated
  C:\Program Files\NVIDIA GPU Computing Toolkit\CUDA\v11.0\include\cuda_gl_interop.h(356): note: see declaration of 'cudaGLMapBufferObject'
C:\Users\hyan99\Desktop\Project0-Getting-Started\cuda-getting-started\src\main.cpp(175): warning C4996: 'cudaGLUnmapBufferObject': was declared deprecated
  C:\Program Files\NVIDIA GPU Computing Toolkit\CUDA\v11.0\include\cuda_gl_interop.h(382): note: see declaration of 'cudaGLUnmapBufferObject'
C:\Users\hyan99\Desktop\Project0-Getting-Started\cuda-getting-started\src\main.cpp(224): warning C4996: 'cudaGLUnregisterBufferObject': was declared deprecated
  C:\Program Files\NVIDIA GPU Computing Toolkit\CUDA\v11.0\include\cuda_gl_interop.h(404): note: see declaration of 'cudaGLUnregisterBufferObject'
  Generating Code...
     Creating library C:/Users/hyan99/Desktop/Project0-Getting-Started/cuda-getting-started/build/lib/Debug/cis565_getting_started.lib and object C:/Users/hyan99/Desktop/Project0-Getting-Started/cuda-getting-started/build/lib/Debug/cis565_getting_started.exp
LINK : warning LNK4098: defaultlib 'LIBCMT' conflicts with use of other libs; use /NODEFAULTLIB:library
LINK : warning LNK4098: defaultlib 'MSVCRT' conflicts with use of other libs; use /NODEFAULTLIB:library
glew32s.lib(glew.obj) : warning LNK4099: PDB 'vc120.pdb' was not found with 'glew32s.lib(glew.obj)' or at 'C:\Users\hyan99\Desktop\Project0-Getting-Started\cuda-getting-started\build\bin\Debug\vc120.pdb'; linking object as if no debug info
  cis565_getting_started.vcxproj -> C:\Users\hyan99\Desktop\Project0-Getting-Started\cuda-getting-started\build\bin\Debug\cis565_getting_started.exe
