c:\users\hyan99\desktop\project0-getting-started\cuda-getting-started\build\lib\debug\cis565_getting_started.lib
c:\users\hyan99\desktop\project0-getting-started\cuda-getting-started\build\lib\debug\cis565_getting_started.exp
c:\users\hyan99\desktop\project0-getting-started\cuda-getting-started\build\cis565_getting_started.dir\debug\vc141.pdb
c:\users\hyan99\desktop\project0-getting-started\cuda-getting-started\build\cis565_getting_started.dir\debug\main.obj
c:\users\hyan99\desktop\project0-getting-started\cuda-getting-started\build\cis565_getting_started.dir\debug\glslutility.obj
c:\users\hyan99\desktop\project0-getting-started\cuda-getting-started\build\cmakefiles\cis565_getting_started.dir\src\debug\cis565_getting_started_generated_kernel.cu.obj
c:\users\hyan99\desktop\project0-getting-started\cuda-getting-started\build\cmakefiles\generate.stamp
c:\users\hyan99\desktop\project0-getting-started\cuda-getting-started\build\bin\debug\cis565_getting_started.ilk
c:\users\hyan99\desktop\project0-getting-started\cuda-getting-started\build\bin\debug\cis565_getting_started.exe
c:\users\hyan99\desktop\project0-getting-started\cuda-getting-started\build\bin\debug\cis565_getting_started.pdb
c:\users\hyan99\desktop\project0-getting-started\cuda-getting-started\build\cis565_getting_started.dir\debug\cis565_g.1a09a6aa.tlog\cis565_getting_started.write.1u.tlog
c:\users\hyan99\desktop\project0-getting-started\cuda-getting-started\build\cis565_getting_started.dir\debug\cis565_g.1a09a6aa.tlog\cl.command.1.tlog
c:\users\hyan99\desktop\project0-getting-started\cuda-getting-started\build\cis565_getting_started.dir\debug\cis565_g.1a09a6aa.tlog\cl.read.1.tlog
c:\users\hyan99\desktop\project0-getting-started\cuda-getting-started\build\cis565_getting_started.dir\debug\cis565_g.1a09a6aa.tlog\cl.write.1.tlog
c:\users\hyan99\desktop\project0-getting-started\cuda-getting-started\build\cis565_getting_started.dir\debug\cis565_g.1a09a6aa.tlog\custombuild.command.1.tlog
c:\users\hyan99\desktop\project0-getting-started\cuda-getting-started\build\cis565_getting_started.dir\debug\cis565_g.1a09a6aa.tlog\custombuild.read.1.tlog
c:\users\hyan99\desktop\project0-getting-started\cuda-getting-started\build\cis565_getting_started.dir\debug\cis565_g.1a09a6aa.tlog\custombuild.write.1.tlog
c:\users\hyan99\desktop\project0-getting-started\cuda-getting-started\build\cis565_getting_started.dir\debug\cis565_g.1a09a6aa.tlog\link.command.1.tlog
c:\users\hyan99\desktop\project0-getting-started\cuda-getting-started\build\cis565_getting_started.dir\debug\cis565_g.1a09a6aa.tlog\link.read.1.tlog
c:\users\hyan99\desktop\project0-getting-started\cuda-getting-started\build\cis565_getting_started.dir\debug\cis565_g.1a09a6aa.tlog\link.write.1.tlog
