  Building NVCC (Device) object CMakeFiles/cis565_getting_started.dir/src/Debug/cis565_getting_started_generated_kernel.cu.obj
  -- Removing D:/Users/Saranya/Fall 2020/CIS565 GPU/Project0-Getting-Started/build/CMakeFiles/cis565_getting_started.dir/src/Debug/cis565_getting_started_generated_kernel.cu.obj
  "C:/Program Files/CMake/bin/cmake.exe" -E rm -f "D:/Users/Saranya/Fall 2020/CIS565 GPU/Project0-Getting-Started/build/CMakeFiles/cis565_getting_started.dir/src/Debug/cis565_getting_started_generated_kernel.cu.obj"
  -- Generating dependency file: D:/Users/Saranya/Fall 2020/CIS565 GPU/Project0-Getting-Started/build/CMakeFiles/cis565_getting_started.dir/src/cis565_getting_started_generated_kernel.cu.obj.NVCC-depend
  "C:/Program Files/NVIDIA GPU Computing Toolkit/CUDA/v10.2/bin/nvcc.exe" -M -D__CUDACC__ "D:/Users/Saranya/Fall 2020/CIS565 GPU/Project0-Getting-Started/cuda-getting-started/src/kernel.cu" -o "D:/Users/Saranya/Fall 2020/CIS565 GPU/Project0-Getting-Started/build/CMakeFiles/cis565_getting_started.dir/src/cis565_getting_started_generated_kernel.cu.obj.NVCC-depend" -ccbin "C:/Program Files (x86)/Microsoft Visual Studio/2019/Community/VC/Tools/MSVC/14.27.29110/bin/Hostx64/x64/cl.exe" -m64 -DCUDA_COMPUTE_61 -DGLEW_STATIC -Xcompiler ,\"/DWIN32\",\"/D_WINDOWS\",\"/W3\",\"/GR\",\"/EHsc\",\"/MDd\",\"/Zi\",\"/Ob0\",\"/Od\",\"/RTC1\" -gencode arch=compute_61,code=sm_61 -g -G -DNVCC "-IC:/Program Files/NVIDIA GPU Computing Toolkit/CUDA/v10.2/include" "-ID:/Users/Saranya/Fall 2020/CIS565 GPU/Project0-Getting-Started/cuda-getting-started/external/include"
  kernel.cu
  -- Generating temporary cmake readable file: D:/Users/Saranya/Fall 2020/CIS565 GPU/Project0-Getting-Started/build/CMakeFiles/cis565_getting_started.dir/src/cis565_getting_started_generated_kernel.cu.obj.depend.tmp
  "C:/Program Files/CMake/bin/cmake.exe" -D "input_file:FILEPATH=D:/Users/Saranya/Fall 2020/CIS565 GPU/Project0-Getting-Started/build/CMakeFiles/cis565_getting_started.dir/src/cis565_getting_started_generated_kernel.cu.obj.NVCC-depend" -D "output_file:FILEPATH=D:/Users/Saranya/Fall 2020/CIS565 GPU/Project0-Getting-Started/build/CMakeFiles/cis565_getting_started.dir/src/cis565_getting_started_generated_kernel.cu.obj.depend.tmp" -D verbose=ON -P "C:/Program Files/CMake/share/cmake-3.18/Modules/FindCUDA/make2cmake.cmake"
  -- Copy if different D:/Users/Saranya/Fall 2020/CIS565 GPU/Project0-Getting-Started/build/CMakeFiles/cis565_getting_started.dir/src/cis565_getting_started_generated_kernel.cu.obj.depend.tmp to D:/Users/Saranya/Fall 2020/CIS565 GPU/Project0-Getting-Started/build/CMakeFiles/cis565_getting_started.dir/src/cis565_getting_started_generated_kernel.cu.obj.depend
  "C:/Program Files/CMake/bin/cmake.exe" -E copy_if_different "D:/Users/Saranya/Fall 2020/CIS565 GPU/Project0-Getting-Started/build/CMakeFiles/cis565_getting_started.dir/src/cis565_getting_started_generated_kernel.cu.obj.depend.tmp" "D:/Users/Saranya/Fall 2020/CIS565 GPU/Project0-Getting-Started/build/CMakeFiles/cis565_getting_started.dir/src/cis565_getting_started_generated_kernel.cu.obj.depend"
  -- Removing D:/Users/Saranya/Fall 2020/CIS565 GPU/Project0-Getting-Started/build/CMakeFiles/cis565_getting_started.dir/src/cis565_getting_started_generated_kernel.cu.obj.depend.tmp and D:/Users/Saranya/Fall 2020/CIS565 GPU/Project0-Getting-Started/build/CMakeFiles/cis565_getting_started.dir/src/cis565_getting_started_generated_kernel.cu.obj.NVCC-depend
  "C:/Program Files/CMake/bin/cmake.exe" -E rm -f "D:/Users/Saranya/Fall 2020/CIS565 GPU/Project0-Getting-Started/build/CMakeFiles/cis565_getting_started.dir/src/cis565_getting_started_generated_kernel.cu.obj.depend.tmp" "D:/Users/Saranya/Fall 2020/CIS565 GPU/Project0-Getting-Started/build/CMakeFiles/cis565_getting_started.dir/src/cis565_getting_started_generated_kernel.cu.obj.NVCC-depend"
  -- Generating D:/Users/Saranya/Fall 2020/CIS565 GPU/Project0-Getting-Started/build/CMakeFiles/cis565_getting_started.dir/src/Debug/cis565_getting_started_generated_kernel.cu.obj
  "C:/Program Files/NVIDIA GPU Computing Toolkit/CUDA/v10.2/bin/nvcc.exe" "D:/Users/Saranya/Fall 2020/CIS565 GPU/Project0-Getting-Started/cuda-getting-started/src/kernel.cu" -c -o "D:/Users/Saranya/Fall 2020/CIS565 GPU/Project0-Getting-Started/build/CMakeFiles/cis565_getting_started.dir/src/Debug/cis565_getting_started_generated_kernel.cu.obj" -ccbin "C:/Program Files (x86)/Microsoft Visual Studio/2019/Community/VC/Tools/MSVC/14.27.29110/bin/Hostx64/x64/cl.exe" -m64 -DCUDA_COMPUTE_61 -DGLEW_STATIC -Xcompiler ,\"/DWIN32\",\"/D_WINDOWS\",\"/W3\",\"/GR\",\"/EHsc\",\"/MDd\",\"/Zi\",\"/Ob0\",\"/Od\",\"/RTC1\" -gencode arch=compute_61,code=sm_61 -g -G -DNVCC "-IC:/Program Files/NVIDIA GPU Computing Toolkit/CUDA/v10.2/include" "-ID:/Users/Saranya/Fall 2020/CIS565 GPU/Project0-Getting-Started/cuda-getting-started/external/include"
  kernel.cu
D:/Users/Saranya/Fall 2020/CIS565 GPU/Project0-Getting-Started/cuda-getting-started/src/kernel.cu(68): warning C4996: 'cudaThreadSynchronize': was declared deprecated
  Generated D:/Users/Saranya/Fall 2020/CIS565 GPU/Project0-Getting-Started/build/CMakeFiles/cis565_getting_started.dir/src/Debug/cis565_getting_started_generated_kernel.cu.obj successfully.
  Building Custom Rule D:/Users/Saranya/Fall 2020/CIS565 GPU/Project0-Getting-Started/cuda-getting-started/CMakeLists.txt
  main.cpp
D:\Users\Saranya\Fall 2020\CIS565 GPU\Project0-Getting-Started\cuda-getting-started\src\main.cpp(94,9): warning C4996: 'cudaGLRegisterBufferObject': was declared deprecated
D:\Users\Saranya\Fall 2020\CIS565 GPU\Project0-Getting-Started\cuda-getting-started\src\main.cpp(135,5): warning C4996: 'cudaGLSetGLDevice': was declared deprecated
D:\Users\Saranya\Fall 2020\CIS565 GPU\Project0-Getting-Started\cuda-getting-started\src\main.cpp(169,5): warning C4996: 'cudaGLMapBufferObject': was declared deprecated
D:\Users\Saranya\Fall 2020\CIS565 GPU\Project0-Getting-Started\cuda-getting-started\src\main.cpp(175,5): warning C4996: 'cudaGLUnmapBufferObject': was declared deprecated
D:\Users\Saranya\Fall 2020\CIS565 GPU\Project0-Getting-Started\cuda-getting-started\src\main.cpp(224,9): warning C4996: 'cudaGLUnregisterBufferObject': was declared deprecated
  cis565_getting_started.vcxproj -> D:\Users\Saranya\Fall 2020\CIS565 GPU\Project0-Getting-Started\build\bin\Debug\cis565_getting_started.exe
