c:\users\psire\documents\upenn\fall 2020\cis 565\projects\project0-getting-started\build\lib\debug\cis565_getting_started.lib
c:\users\psire\documents\upenn\fall 2020\cis 565\projects\project0-getting-started\build\lib\debug\cis565_getting_started.exp
c:\users\psire\documents\upenn\fall 2020\cis 565\projects\project0-getting-started\build\cis565_getting_started.dir\debug\vc142.pdb
c:\users\psire\documents\upenn\fall 2020\cis 565\projects\project0-getting-started\build\cis565_getting_started.dir\debug\main.obj
c:\users\psire\documents\upenn\fall 2020\cis 565\projects\project0-getting-started\build\cis565_getting_started.dir\debug\glslutility.obj
c:\users\psire\documents\upenn\fall 2020\cis 565\projects\project0-getting-started\build\cmakefiles\cis565_getting_started.dir\src\debug\cis565_getting_started_generated_kernel.cu.obj
c:\users\psire\documents\upenn\fall 2020\cis 565\projects\project0-getting-started\build\cmakefiles\generate.stamp
c:\users\psire\documents\upenn\fall 2020\cis 565\projects\project0-getting-started\build\bin\debug\cis565_getting_started.exe
c:\users\psire\documents\upenn\fall 2020\cis 565\projects\project0-getting-started\build\bin\debug\cis565_getting_started.ilk
c:\users\psire\documents\upenn\fall 2020\cis 565\projects\project0-getting-started\build\bin\debug\cis565_getting_started.pdb
c:\users\psire\documents\upenn\fall 2020\cis 565\projects\project0-getting-started\build\cis565_getting_started.dir\debug\cis565_g.df528442.tlog\cis565_getting_started.write.1u.tlog
c:\users\psire\documents\upenn\fall 2020\cis 565\projects\project0-getting-started\build\cis565_getting_started.dir\debug\cis565_g.df528442.tlog\cl.command.1.tlog
c:\users\psire\documents\upenn\fall 2020\cis 565\projects\project0-getting-started\build\cis565_getting_started.dir\debug\cis565_g.df528442.tlog\cl.read.1.tlog
c:\users\psire\documents\upenn\fall 2020\cis 565\projects\project0-getting-started\build\cis565_getting_started.dir\debug\cis565_g.df528442.tlog\cl.write.1.tlog
c:\users\psire\documents\upenn\fall 2020\cis 565\projects\project0-getting-started\build\cis565_getting_started.dir\debug\cis565_g.df528442.tlog\custombuild.command.1.tlog
c:\users\psire\documents\upenn\fall 2020\cis 565\projects\project0-getting-started\build\cis565_getting_started.dir\debug\cis565_g.df528442.tlog\custombuild.read.1.tlog
c:\users\psire\documents\upenn\fall 2020\cis 565\projects\project0-getting-started\build\cis565_getting_started.dir\debug\cis565_g.df528442.tlog\custombuild.write.1.tlog
c:\users\psire\documents\upenn\fall 2020\cis 565\projects\project0-getting-started\build\cis565_getting_started.dir\debug\cis565_g.df528442.tlog\link.command.1.tlog
c:\users\psire\documents\upenn\fall 2020\cis 565\projects\project0-getting-started\build\cis565_getting_started.dir\debug\cis565_g.df528442.tlog\link.read.1.tlog
c:\users\psire\documents\upenn\fall 2020\cis 565\projects\project0-getting-started\build\cis565_getting_started.dir\debug\cis565_g.df528442.tlog\link.write.1.tlog
